#Reading Graph
#vertices: 1080972 edges: 15245729
#Verifying if bipartite
#Run karp sipser to get initial matching
#karp sipser matching took: 1.83147s, size = 476726
#Run greedy to get initial matching
#greedy matching took: 1.74349s, size = 486490
#Maximum Matching Size: 490599 edges
#Karp Sipser Initial Matching: 97.1722% optimal
#Greedy Initial Matching: 99.1625% optimal
#Run ptg with KS
# 10,13.9055,13.3029,14.1921,13.9402,13.4978,13.7416,14.2782,13.8922,13.7508,13.5087,13.492,13.4528,13.7058,13.969,13.7439,13.9693,13.678,13.4086,13.9787,13.7665,13.6711,13.6332,13.9586,13.4234,14.1398,14.3269,13.3949,13.1485,14.2639,13.4344,14.112
# 20,8.31318,7.95677,8.03501,8.13951,7.99812,8.45637,8.15407,7.85211,8.4986,8.2111,8.03257,7.88113,8.53935,8.14292,8.20979,7.87646,7.95299,8.52604,8.23438,8.14083,7.96335,8.6536,8.26593,8.80757,7.95638,7.99506,7.84968,7.97784,8.49832,7.71887,7.96886
# 30,6.70796,7.00064,6.70084,6.68084,6.87063,6.72493,6.54126,6.97486,6.65433,6.4957,6.81217,7.00522,6.81609,6.32082,6.63184,6.74193,6.6537,6.77059,6.86103,6.84193,6.6562,6.77431,6.60826,6.77834,6.78096,6.78825,6.67505,6.47541,6.96642,6.61138,6.9897
# 40,6.49737,6.50351,6.0155,6.44972,6.3165,6.51722,6.47288,6.51598,6.78958,6.62729,6.43526,6.32572,6.77759,6.60531,6.44064,6.64712,6.28553,6.6045,6.485,6.18755,6.63888,6.50825,6.77838,6.47547,6.49363,6.56921,6.66862,6.61671,6.46236,6.31017,6.32397
# 50,6.20824,6.23169,6.53901,6.55983,6.36122,6.55652,6.04234,6.73534,6.42208,6.23395,6.06085,6.23351,6.26519,6.20611,6.27757,6.36015,6.25156,6.18718,6.25424,6.26158,6.5498,6.37558,6.38459,6.07894,6.24744,6.38079,6.2186,6.37289,6.24545,5.81432,6.39815
# 60,5.75072,5.90747,5.89168,6.11589,5.72558,5.93448,6.04888,5.7457,5.88599,6.26293,6.2452,5.87959,5.92301,6.03019,6.07237,5.87478,5.82769,5.71973,5.90936,6.07523,6.04373,5.96597,5.95026,6.07914,6.10693,6.11001,6.26242,6.45929,5.92406,6.06722,6.03911
# 70,5.12221,5.299,5.33795,5.46243,5.25542,5.59084,5.30431,4.9766,5.32388,5.6294,5.30908,5.48346,5.46893,5.34792,5.42139,5.5032,5.4407,5.28909,5.14249,5.26279,5.42186,5.32208,5.15729,5.56153,5.44471,5.42742,5.18314,5.1572,5.44162,5.09712,5.12641
# 80,4.494,4.60983,4.65422,4.77627,4.76581,4.49536,4.61299,4.86691,4.48641,4.44933,4.73028,4.63651,4.74966,4.62059,4.43585,4.64115,4.90662,4.77185,4.76482,4.63996,5.04045,4.67036,4.33068,4.73926,4.77906,4.63471,4.72487,5.07036,4.88623,4.49632,4.35645
# 90,3.94761,4.0713,3.96785,4.07989,4.16997,3.94198,3.81112,3.79382,3.931,3.94116,4.44275,3.78491,4.03333,4.00247,3.91835,4.30466,4.03015,3.97189,4.04957,3.92405,3.83201,4.07238,3.94485,4.20592,3.82931,4.34422,3.79531,4.19109,4.13906,4.08236,4.13989
# 100,3.81338,3.64209,3.54611,3.63837,3.7743,3.74994,3.72371,3.60089,3.60929,3.66053,3.69285,3.54312,3.49504,3.55099,3.43864,3.68679,3.7416,3.76359,3.65869,3.80159,3.63338,4.00612,3.6768,3.5381,3.94793,3.87254,3.63479,3.54398,3.54257,3.54298,3.69745
# 110,3.54904,3.15572,3.34449,3.19502,3.46218,3.37774,3.28131,3.14294,3.18566,3.38241,3.17023,3.27354,3.48513,3.52166,3.36351,3.20429,3.43438,3.3196,3.31187,3.32323,3.42601,3.27701,3.42288,3.1501,3.39088,3.27556,3.50937,3.15548,3.31797,3.43619,3.33932
# 120,3.13911,3.05427,2.99175,2.98925,3.22731,2.95626,2.9906,3.06502,2.90481,3.1094,3.09732,2.98622,2.78202,2.88114,3.03945,2.89941,3.08711,3.06448,3.23457,3.06288,3.12641,3.02893,3.00562,3.06115,3.04791,3.10182,3.15638,3.0585,3.08668,2.98729,2.97629
# 130,3.01596,2.89275,3.06141,3.18025,2.95807,3.07837,3.13382,2.94628,2.85806,2.94107,3.13368,3.07573,2.86221,3.23952,2.96325,2.96455,2.84156,2.96267,3.06128,2.84427,2.98762,3.11277,3.02355,2.91708,3.03364,3.04502,2.84772,2.96724,3.00983,2.83108,2.82789
# 140,2.56112,2.71306,2.61032,2.67326,2.65797,2.62183,2.64203,2.63959,2.50628,2.77822,2.60691,2.7768,2.61612,2.904,2.51487,2.67666,2.68343,2.49347,2.74456,2.57315,2.6535,2.76399,2.63021,2.66641,2.60676,2.72579,2.58995,2.64105,2.62612,2.60557,2.50376
# 150,2.73401,2.74514,2.30667,2.49198,2.39831,2.42092,2.43231,2.62321,2.47923,2.5093,2.68371,2.40734,2.39336,2.38519,2.55904,2.4827,2.49527,2.49045,2.46955,2.56534,2.49671,2.50603,2.4769,2.45471,2.44417,2.48224,2.45805,2.65831,2.57436,2.30937,2.55562
# 160,2.45312,2.31045,2.31034,2.4593,2.37797,2.45445,2.32717,2.39862,2.38346,2.46853,2.40815,2.26883,2.4046,2.42108,2.45532,2.33703,2.32252,2.34016,2.46918,2.24377,2.31581,2.44533,2.40426,2.52575,2.28148,2.43858,2.71183,2.42907,2.36723,2.33894,2.24635
# 170,2.11441,2.2071,2.18164,2.02685,2.26881,2.2875,2.36615,2.31521,2.18764,2.36319,2.25502,2.21292,2.30893,2.36633,2.17239,2.18604,2.32242,2.25096,2.28315,2.24112,2.26262,2.3568,2.28818,2.2856,2.14169,2.29914,2.27097,2.30009,2.33928,2.28632,2.1574
# 180,2.22915,1.92253,2.1866,2.31484,2.21416,2.10679,1.98671,2.2052,2.19863,2.03507,2.06743,2.13108,1.93875,2.04848,1.97299,2.21301,2.11359,2.07939,2.02773,2.04094,2.06591,2.04798,2.05676,2.27132,2.11097,2.04408,2.14606,2.22046,2.01478,2.27982,2.09424
# 190,2.05984,2.00539,2.08488,2.07791,2.01211,2.0291,2.01678,2.1545,1.94497,2.20146,2.19919,2.09767,2.15433,2.0796,2.0737,2.05596,1.94789,2.08753,2.02711,2.01834,2.15952,2.00222,2.16152,2.16266,2.15002,2.00978,2.17528,1.96108,2.06187,2.31599,1.92899
# 200,2.08196,2.07389,2.01428,1.93308,1.89295,1.92705,2.03826,1.98428,2.19776,1.9896,1.93551,1.97558,2.00134,2.11839,1.95333,1.97111,2.02617,1.91501,1.97363,2.08503,1.96536,2.09751,1.96997,1.98705,2.03392,2.02734,2.03847,2.06386,2.16271,1.87151,2.11959
# 210,1.83302,1.82751,1.85039,1.9465,1.78213,1.79722,1.86449,1.98873,1.86711,1.81553,1.84473,1.92003,1.87533,1.83863,1.85611,1.90965,1.98657,1.84191,1.87427,1.79656,1.95763,1.90243,1.85884,1.95008,1.88271,1.9187,1.92112,1.90379,1.97676,1.86789,1.90632
# 220,1.97908,1.84841,1.86793,1.82323,1.83361,1.75941,1.86583,1.69958,1.84334,1.84481,1.8415,1.91388,1.92107,2.09649,1.7262,1.74207,1.76373,2.01363,1.8194,1.76505,2.02018,1.85772,1.83531,1.92005,1.80109,1.75369,2.0059,1.8675,1.86406,1.84756,1.82472
# 230,1.62664,1.72774,1.70862,1.87849,1.68698,1.59014,1.83256,1.69983,1.69893,1.81241,1.75914,1.84237,1.69419,1.84438,1.82262,1.73813,1.67475,1.79568,1.73137,1.7178,1.72187,1.70004,1.84518,1.85271,1.66577,1.76016,1.77014,1.89759,1.78056,1.77139,1.6935
# 240,1.78456,1.57254,1.70384,1.72786,1.69943,1.71831,1.62286,1.76023,1.65684,1.76891,1.59258,1.68331,1.78942,1.82383,1.7244,1.73224,1.65535,1.6961,1.54433,1.66028,1.69983,1.67806,1.93317,1.62182,1.68819,1.71304,1.68485,1.73192,1.65679,1.70858,1.70219
# 250,2.55198,2.65454,2.82234,2.75995,2.99972,3.09673,2.76791,2.75746,2.89523,2.79194,2.63679,2.71093,2.85735,2.67683,2.56683,2.67692,2.71882,2.67272,2.71031,2.83224,2.94381,2.68942,2.68673,2.69739,2.86515,2.68478,2.7816,2.77972,2.70865,2.67398,2.7012
TimeStamp,GraphName,NumVertices,NumEdges,Algorithm
2016-12-11_234716,coPaperDBLP,1080972,15245729,ptg_KS
Duration,NumThreads,Algorithm
10,20,30,40,50,60,70,80,90,100,110,120,130,140,150,160,170,180,190,200,210,220,230,240,250
13.905509,8.313179,6.707961,6.497370,6.208238,5.750723,5.122214,4.493996,3.947613,3.813383,3.549043,3.139113,3.015962,2.561117,2.734015,2.453118,2.114414,2.229151,2.059840,2.081964,1.833019,1.979082,1.626641,1.784564,2.551978
13.302939,7.956767,7.000637,6.503506,6.231689,5.907472,5.299002,4.609827,4.071304,3.642087,3.155719,3.054266,2.892751,2.713063,2.745136,2.310450,2.207100,1.922529,2.005387,2.073887,1.827506,1.848411,1.727740,1.572535,2.654544
14.192117,8.035006,6.700840,6.015498,6.539011,5.891684,5.337947,4.654224,3.967850,3.546115,3.344487,2.991754,3.061415,2.610317,2.306672,2.310341,2.181641,2.186603,2.084880,2.014278,1.850390,1.867930,1.708620,1.703837,2.822340
13.940210,8.139509,6.680844,6.449715,6.559832,6.115894,5.462431,4.776266,4.079888,3.638367,3.195016,2.989250,3.180250,2.673258,2.491978,2.459298,2.026848,2.314838,2.077911,1.933083,1.946501,1.823231,1.878489,1.727863,2.759955
13.497836,7.998116,6.870626,6.316497,6.361221,5.725578,5.255424,4.765808,4.169966,3.774302,3.462182,3.227313,2.958067,2.657970,2.398310,2.377967,2.268809,2.214161,2.012106,1.892948,1.782131,1.833605,1.686984,1.699431,2.999719
13.741646,8.456370,6.724929,6.517217,6.556516,5.934484,5.590844,4.495361,3.941977,3.749943,3.377739,2.956256,3.078373,2.621833,2.420915,2.454453,2.287501,2.106793,2.029097,1.927048,1.797222,1.759408,1.590140,1.718308,3.096728
14.278233,8.154065,6.541260,6.472884,6.042343,6.048881,5.304314,4.612992,3.811117,3.723710,3.281308,2.990598,3.133825,2.642030,2.432309,2.327166,2.366153,1.986706,2.016785,2.038258,1.864488,1.865827,1.832560,1.622863,2.767914
13.892198,7.852109,6.974861,6.515981,6.735341,5.745698,4.976600,4.866911,3.793821,3.600895,3.142942,3.065023,2.946277,2.639587,2.623208,2.398615,2.315213,2.205198,2.154498,1.984283,1.988730,1.699580,1.699827,1.760234,2.757462
13.750846,8.498599,6.654333,6.789580,6.422085,5.885985,5.323879,4.486406,3.930999,3.609288,3.185658,2.904806,2.858065,2.506280,2.479228,2.383457,2.187640,2.198628,1.944973,2.197760,1.867114,1.843341,1.698934,1.656840,2.895233
13.508699,8.211098,6.495697,6.627292,6.233948,6.262934,5.629396,4.449327,3.941163,3.660534,3.382412,3.109404,2.941072,2.778224,2.509300,2.468534,2.363187,2.035070,2.201465,1.989599,1.815530,1.844811,1.812409,1.768914,2.791942
13.492028,8.032569,6.812174,6.435258,6.060854,6.245202,5.309078,4.730283,4.442750,3.692847,3.170226,3.097322,3.133685,2.606913,2.683709,2.408153,2.255024,2.067430,2.199188,1.935513,1.844725,1.841498,1.759144,1.592578,2.636791
13.452803,7.881132,7.005224,6.325724,6.233515,5.879586,5.483464,4.636513,3.784914,3.543123,3.273542,2.986223,3.075733,2.776797,2.407342,2.268828,2.212917,2.131082,2.097668,1.975579,1.920032,1.913881,1.842374,1.683311,2.710934
13.705795,8.539348,6.816092,6.777591,6.265186,5.923008,5.468926,4.749663,4.033329,3.495041,3.485126,2.782021,2.862209,2.616117,2.393361,2.404603,2.308928,1.938755,2.154327,2.001343,1.875333,1.921075,1.694193,1.789423,2.857354
13.968961,8.142922,6.320824,6.605306,6.206114,6.030188,5.347920,4.620589,4.002465,3.550992,3.521665,2.881142,3.239518,2.904000,2.385189,2.421080,2.366330,2.048479,2.079599,2.118388,1.838626,2.096485,1.844378,1.823828,2.676830
13.743904,8.209791,6.631836,6.440641,6.277566,6.072371,5.421392,4.435852,3.918351,3.438638,3.363509,3.039455,2.963246,2.514873,2.559037,2.455319,2.172394,1.972989,2.073698,1.953327,1.856113,1.726200,1.822616,1.724404,2.566832
13.969337,7.876465,6.741930,6.647118,6.360153,5.874776,5.503196,4.641150,4.304663,3.686786,3.204287,2.899410,2.964554,2.676658,2.482696,2.337034,2.186039,2.213010,2.055964,1.971108,1.909648,1.742069,1.738131,1.732236,2.676922
13.678023,7.952985,6.653697,6.285532,6.251559,5.827693,5.440699,4.906623,4.030155,3.741603,3.434384,3.087112,2.841565,2.683434,2.495272,2.322517,2.322417,2.113595,1.947892,2.026171,1.986569,1.763735,1.674748,1.655348,2.718821
13.408575,8.526042,6.770590,6.604499,6.187184,5.719730,5.289091,4.771848,3.971891,3.763595,3.319595,3.064483,2.962672,2.493466,2.490447,2.340155,2.250962,2.079386,2.087530,1.915006,1.841912,2.013630,1.795679,1.696098,2.672719
13.978687,8.234379,6.861034,6.485004,6.254245,5.909362,5.142487,4.764822,4.049574,3.658694,3.311874,3.234568,3.061283,2.744557,2.469551,2.469181,2.283150,2.027732,2.027106,1.973626,1.874275,1.819399,1.731367,1.544327,2.710314
13.766528,8.140828,6.841933,6.187555,6.261582,6.075228,5.262787,4.639957,3.924053,3.801592,3.323231,3.062875,2.844265,2.573154,2.565340,2.243775,2.241116,2.040937,2.018345,2.085026,1.796560,1.765051,1.717797,1.660280,2.832239
13.671095,7.963345,6.656199,6.638879,6.549803,6.043730,5.421855,5.040454,3.832007,3.633382,3.426009,3.126409,2.987621,2.653498,2.496711,2.315809,2.262624,2.065908,2.159518,1.965359,1.957626,2.020177,1.721868,1.699830,2.943814
13.633217,8.653603,6.774309,6.508248,6.375578,5.965966,5.322079,4.670356,4.072377,4.006125,3.277013,3.028930,3.112769,2.763993,2.506029,2.445332,2.356797,2.047985,2.002218,2.097512,1.902434,1.857723,1.700040,1.678063,2.689420
13.958619,8.265933,6.608262,6.778382,6.384585,5.950258,5.157289,4.330681,3.944850,3.676800,3.422879,3.005619,3.023555,2.630211,2.476896,2.404257,2.288185,2.056762,2.161517,1.969965,1.858842,1.835311,1.845175,1.933171,2.686728
13.423396,8.807574,6.778341,6.475469,6.078936,6.079144,5.561535,4.739260,4.205921,3.538098,3.150097,3.061152,2.917078,2.666412,2.454707,2.525751,2.285600,2.271319,2.162663,1.987049,1.950081,1.920045,1.852707,1.621815,2.697394
14.139828,7.956381,6.780960,6.493628,6.247444,6.106928,5.444714,4.779057,3.829314,3.947930,3.390883,3.047906,3.033642,2.606764,2.444174,2.281483,2.141690,2.110973,2.150024,2.033915,1.882706,1.801092,1.665768,1.688187,2.865150
14.326947,7.995064,6.788252,6.569211,6.380786,6.110008,5.427417,4.634706,4.344217,3.872542,3.275556,3.101823,3.045024,2.725788,2.482241,2.438579,2.299136,2.044081,2.009776,2.027341,1.918698,1.753689,1.760160,1.713045,2.684775
13.394866,7.849680,6.675048,6.668622,6.218601,6.262416,5.183144,4.724871,3.795312,3.634793,3.509366,3.156375,2.847723,2.589947,2.458052,2.711831,2.270975,2.146055,2.175276,2.038465,1.921122,2.005896,1.770139,1.684847,2.781597
13.148536,7.977844,6.475413,6.616706,6.372894,6.459293,5.157201,5.070363,4.191091,3.543977,3.155484,3.058501,2.967244,2.641054,2.658314,2.429069,2.300087,2.220461,1.961077,2.063863,1.903792,1.867501,1.897592,1.731921,2.779717
14.263932,8.498320,6.966418,6.462361,6.245446,5.924056,5.441624,4.886229,4.139060,3.542566,3.317974,3.086675,3.009825,2.626122,2.574359,2.367225,2.339275,2.014780,2.061873,2.162714,1.976757,1.864061,1.780557,1.656788,2.708650
13.434356,7.718866,6.611378,6.310170,5.814316,6.067222,5.097120,4.496318,4.082355,3.542983,3.436189,2.987288,2.831081,2.605574,2.309374,2.338935,2.286324,2.279816,2.315989,1.871510,1.867894,1.847563,1.771386,1.708584,2.673976
14.112024,7.968862,6.989703,6.323965,6.398152,6.039108,5.126406,4.356450,4.139891,3.697450,3.339317,2.976288,2.827890,2.503757,2.555623,2.246345,2.157396,2.094242,1.928993,2.119594,1.906318,1.824721,1.693500,1.702191,2.701196
#Run ptg with Greedy
# 10,2.43998,2.20815,2.43192,2.44204,2.21014,2.44324,2.45805,2.45322,2.22783,2.47621,2.46729,2.46382,2.47085,2.24141,2.47348,2.45906,2.47037,2.49769,2.25657,2.47792,2.24426,2.47934,2.46979,2.24391,2.48609,2.70615,2.27053,2.71448,2.7091,2.48066,2.49141
# 20,1.61262,1.43451,1.4413,1.43165,1.4563,1.61309,1.43724,1.43481,1.60048,1.44038,1.4416,1.4426,1.4356,1.46353,1.44871,1.44656,1.45616,1.44631,1.44794,1.60443,1.44729,1.45243,1.45171,1.61808,1.45913,1.62075,1.44373,1.44845,1.61793,1.44748,1.63183
# 30,1.36457,1.19486,1.37174,1.21239,1.36636,1.37024,1.35908,1.20809,1.21444,1.21319,1.51906,1.36113,1.36258,1.1993,1.19938,1.20967,1.22855,1.37033,1.3513,1.19783,1.3486,1.35814,1.36327,1.2164,1.20862,1.3637,1.3655,1.36762,1.36099,1.35556,1.35179
# 40,1.23558,1.21661,1.38047,1.20957,1.2237,1.2151,1.21868,1.38196,1.22757,1.22141,1.22788,1.38263,1.38541,1.22699,1.22686,1.22774,1.22956,1.23065,1.21143,1.2294,1.22479,1.22638,1.239,1.21818,1.2209,1.21932,1.24226,1.23397,1.22693,1.22106,1.38581
# 50,1.26125,1.2542,1.2482,1.25494,1.2618,1.0841,1.08966,1.25786,1.25775,1.2624,1.26123,1.25209,1.26399,1.25827,1.26305,1.26794,1.25188,1.2531,1.25067,1.43477,1.24791,1.26603,1.41802,1.25381,1.2512,1.25148,1.25344,1.41952,1.26127,1.2661,1.25431
# 60,1.10564,1.10629,1.27559,1.10857,1.27081,1.26314,1.27598,1.27149,1.27803,1.27635,1.27147,1.26819,1.10779,1.28396,1.2863,1.10619,1.27371,1.09761,1.09976,1.26824,1.27459,1.10105,1.27123,1.28513,1.11368,1.09758,1.29567,1.10245,1.11221,1.10326,1.09864
# 70,1.03379,1.03218,1.18517,1.0316,1.19879,1.03096,1.04421,1.18374,1.19627,1.04126,1.03524,1.20697,1.03597,1.19063,1.19576,1.02747,1.03732,1.03779,1.19611,1.03943,1.02961,1.1906,1.02435,1.18848,1.03661,1.18043,1.03244,1.02873,1.18846,1.1881,1.04036
# 80,1.09051,0.954347,0.937863,0.950366,0.962362,0.957315,1.12217,0.949578,0.958591,0.937213,1.11424,1.09537,0.944026,0.956382,0.94888,0.956557,0.967769,0.9523,0.954791,0.963766,0.960879,0.969378,0.956376,0.953672,1.09891,0.966925,0.9688,0.965678,0.96102,0.956183,0.955034
# 90,0.888994,0.87824,1.02083,0.885022,0.871179,0.88902,0.877933,0.894945,0.876329,0.868568,0.87533,0.877414,0.883346,1.00528,0.883887,1.00265,0.875859,0.877422,0.869651,0.875556,0.892484,0.876203,1.01401,0.898208,0.878175,0.881648,0.880735,0.87652,0.879239,0.882453,0.878855
# 100,0.816088,0.811398,0.938263,0.813148,0.829394,0.801183,0.812863,0.805897,0.927907,0.816656,0.83566,0.816779,0.804659,0.81371,0.819631,0.812025,0.816192,0.931706,0.810009,0.815623,0.809483,0.803351,0.934774,0.834909,0.814164,0.811457,0.819256,0.806392,0.959151,0.931932,0.810053
# 110,1.00482,0.762738,0.763101,0.759825,0.767575,0.771667,0.763726,0.755604,0.772637,0.756951,0.753143,0.763845,0.769745,0.755596,0.868746,0.776318,0.75969,0.748817,0.862202,0.758928,0.888508,0.656341,0.756387,0.763859,0.757745,0.762994,0.769092,0.75309,0.764237,0.760998,0.896985
# 120,0.833568,0.730849,0.726774,0.721883,0.721071,0.717363,0.719745,0.71527,0.609062,0.853912,0.724655,0.74132,0.723734,0.739724,0.608299,0.756542,0.625264,0.727825,0.736547,0.717567,0.730214,0.720566,0.730362,0.720603,0.732856,0.728705,0.735302,0.73387,0.727733,0.708567,0.717416
# 130,0.67829,0.696054,0.67206,0.69438,0.678452,0.685461,0.574179,0.7814,0.699155,0.680742,0.691048,0.690311,0.705878,0.679284,0.687477,0.693357,0.683217,0.686225,0.685683,0.688367,0.694161,0.680462,0.677173,0.701427,0.694442,0.693047,0.699003,0.780979,0.673522,0.679514,0.685013
# 140,0.658442,0.66398,0.658981,0.660509,0.649343,0.66021,0.677069,0.654162,0.673961,0.571867,0.662008,0.663562,0.648477,0.650072,0.653449,0.659018,0.675178,0.565303,0.654224,0.663555,0.675374,0.673724,0.659194,0.649546,0.671472,0.688983,0.663441,0.672388,0.662749,0.657728,0.570494
# 150,0.556661,0.637925,0.53907,0.648332,0.628124,0.629831,0.633675,0.563697,0.633575,0.548998,0.545259,0.54632,0.626192,0.616539,0.613071,0.539497,0.620495,0.549758,0.625273,0.621406,0.535489,0.631457,0.627641,0.631529,0.533768,0.639272,0.619565,0.550389,0.630059,0.530052,0.633152
# 160,0.510174,0.518075,0.510672,0.594715,0.519096,0.508937,0.597735,0.514138,0.594538,0.51999,0.528463,0.594299,0.514064,0.510081,0.603864,0.603525,0.603494,0.507382,0.595568,0.594707,0.590964,0.529182,0.518053,0.61403,0.600383,0.525652,0.507045,0.599843,0.601474,0.592369,0.518341
# 170,0.502899,0.50718,0.645332,0.5035,0.505272,0.507355,0.573956,0.567662,0.573405,0.570981,0.573361,0.574838,0.585732,0.588608,0.579682,0.499565,0.561515,0.501219,0.50802,0.580659,0.569315,0.569873,0.582484,0.581738,0.494207,0.502791,0.504649,0.502062,0.56865,0.499704,0.599309
# 180,0.475768,0.54948,0.49778,0.546107,0.484051,0.574631,0.560121,0.555391,0.554411,0.557277,0.555935,0.472057,0.549945,0.488913,0.474201,0.474077,0.482131,0.475679,0.470888,0.495972,0.553089,0.558778,0.47839,0.502181,0.473237,0.467976,0.475257,0.49412,0.552761,0.571658,0.466757
# 190,0.494438,0.477664,0.485844,0.558339,0.550234,0.559829,0.559707,0.555266,0.555722,0.492871,0.480148,0.554866,0.567107,0.561207,0.559286,0.485239,0.488441,0.614442,0.496125,0.491077,0.491434,0.490867,0.54868,0.485587,0.489455,0.545266,0.560267,0.486811,0.482501,0.492052,0.576636
# 200,0.555447,0.543368,0.475368,0.467934,0.536342,0.540419,0.528635,0.538883,0.469382,0.534394,0.544429,0.537776,0.547304,0.535055,0.457833,0.462875,0.524213,0.556383,0.470018,0.520379,0.553434,0.528345,0.476536,0.538989,0.531858,0.46624,0.467482,0.599915,0.52539,0.530284,0.481352
# 210,0.502056,0.458482,0.460579,0.452635,0.524504,0.519296,0.521949,0.455741,0.522122,0.517045,0.463451,0.461987,0.514986,0.462509,0.521456,0.456814,0.461117,0.443594,0.444536,0.520427,0.540903,0.603841,0.542578,0.461346,0.460943,0.519379,0.453282,0.54654,0.466693,0.459836,0.460668
# 220,0.573106,0.557766,0.434806,0.519272,0.433599,0.516707,0.444582,0.522863,0.515461,0.492791,0.499905,0.526998,0.490473,0.446772,0.500037,0.446553,0.509392,0.499295,0.528335,0.507464,0.506805,0.496696,0.499676,0.511787,0.462987,0.505662,0.512795,0.432736,0.434626,0.503361,0.470112
# 230,0.504027,0.473559,0.432582,0.489306,0.422924,0.433165,0.427127,0.427057,0.426871,0.440992,0.42891,0.427033,0.445204,0.491214,0.417432,0.421739,0.432431,0.422793,0.492199,0.428492,0.417259,0.433665,0.431917,0.431247,0.428643,0.423352,0.417641,0.421655,0.429779,0.475173,0.437227
# 240,0.437002,0.445341,0.422247,0.48108,0.475249,0.455368,0.43304,0.419415,0.447554,0.422784,0.487542,0.426819,0.435959,0.44179,0.441639,0.431012,0.41675,0.476277,0.441167,0.424045,0.437044,0.432775,0.43433,0.436396,0.425001,0.436928,0.416927,0.444071,0.438006,0.47467,0.420511
# 250,0.641487,0.664832,0.609322,0.637997,0.603154,0.617781,0.641295,0.599954,0.698932,0.604286,0.662594,0.602569,0.609739,0.631507,0.678318,0.682532,0.605128,0.684048,0.659899,0.614633,0.583555,0.628208,0.637156,0.645146,0.639452,0.632059,0.593502,0.607449,0.613721,0.626796,0.585216
TimeStamp,GraphName,NumVertices,NumEdges,Algorithm
2016-12-12_003918,coPaperDBLP,1080972,15245729,ptg_Greedy
Duration,NumThreads,Algorithm
10,20,30,40,50,60,70,80,90,100,110,120,130,140,150,160,170,180,190,200,210,220,230,240,250
2.439982,1.612622,1.364571,1.235577,1.261250,1.105644,1.033789,1.090514,0.888994,0.816088,1.004821,0.833568,0.678290,0.658442,0.556661,0.510174,0.502899,0.475768,0.494438,0.555447,0.502056,0.573106,0.504027,0.437002,0.641487
2.208149,1.434510,1.194862,1.216608,1.254199,1.106293,1.032180,0.954347,0.878240,0.811398,0.762738,0.730849,0.696054,0.663980,0.637925,0.518075,0.507180,0.549480,0.477664,0.543368,0.458482,0.557766,0.473559,0.445341,0.664832
2.431918,1.441302,1.371742,1.380474,1.248201,1.275592,1.185171,0.937863,1.020833,0.938263,0.763101,0.726774,0.672060,0.658981,0.539070,0.510672,0.645332,0.497780,0.485844,0.475368,0.460579,0.434806,0.432582,0.422247,0.609322
2.442039,1.431646,1.212392,1.209574,1.254944,1.108574,1.031598,0.950366,0.885022,0.813148,0.759825,0.721883,0.694380,0.660509,0.648332,0.594715,0.503500,0.546107,0.558339,0.467934,0.452635,0.519272,0.489306,0.481080,0.637997
2.210136,1.456305,1.366357,1.223703,1.261803,1.270813,1.198793,0.962362,0.871179,0.829394,0.767575,0.721071,0.678452,0.649343,0.628124,0.519096,0.505272,0.484051,0.550234,0.536342,0.524504,0.433599,0.422924,0.475249,0.603154
2.443236,1.613094,1.370237,1.215100,1.084097,1.263139,1.030963,0.957315,0.889020,0.801183,0.771667,0.717363,0.685461,0.660210,0.629831,0.508937,0.507355,0.574631,0.559829,0.540419,0.519296,0.516707,0.433165,0.455368,0.617781
2.458048,1.437244,1.359075,1.218682,1.089661,1.275976,1.044207,1.122166,0.877933,0.812863,0.763726,0.719745,0.574179,0.677069,0.633675,0.597735,0.573956,0.560121,0.559707,0.528635,0.521949,0.444582,0.427127,0.433040,0.641295
2.453218,1.434814,1.208086,1.381960,1.257865,1.271490,1.183743,0.949578,0.894945,0.805897,0.755604,0.715270,0.781400,0.654162,0.563697,0.514138,0.567662,0.555391,0.555266,0.538883,0.455741,0.522863,0.427057,0.419415,0.599954
2.227832,1.600483,1.214443,1.227571,1.257745,1.278031,1.196273,0.958591,0.876329,0.927907,0.772637,0.609062,0.699155,0.673961,0.633575,0.594538,0.573405,0.554411,0.555722,0.469382,0.522122,0.515461,0.426871,0.447554,0.698932
2.476212,1.440380,1.213189,1.221407,1.262396,1.276351,1.041258,0.937213,0.868568,0.816656,0.756951,0.853912,0.680742,0.571867,0.548998,0.519990,0.570981,0.557277,0.492871,0.534394,0.517045,0.492791,0.440992,0.422784,0.604286
2.467285,1.441602,1.519059,1.227880,1.261233,1.271468,1.035244,1.114238,0.875330,0.835660,0.753143,0.724655,0.691048,0.662008,0.545259,0.528463,0.573361,0.555935,0.480148,0.544429,0.463451,0.499905,0.428910,0.487542,0.662594
2.463817,1.442599,1.361133,1.382628,1.252089,1.268193,1.206972,1.095373,0.877414,0.816779,0.763845,0.741320,0.690311,0.663562,0.546320,0.594299,0.574838,0.472057,0.554866,0.537776,0.461987,0.526998,0.427033,0.426819,0.602569
2.470851,1.435596,1.362577,1.385411,1.263988,1.107795,1.035966,0.944026,0.883346,0.804659,0.769745,0.723734,0.705878,0.648477,0.626192,0.514064,0.585732,0.549945,0.567107,0.547304,0.514986,0.490473,0.445204,0.435959,0.609739
2.241410,1.463528,1.199300,1.226988,1.258268,1.283964,1.190635,0.956382,1.005277,0.813710,0.755596,0.739724,0.679284,0.650072,0.616539,0.510081,0.588608,0.488913,0.561207,0.535055,0.462509,0.446772,0.491214,0.441790,0.631507
2.473480,1.448709,1.199382,1.226863,1.263052,1.286299,1.195759,0.948880,0.883887,0.819631,0.868746,0.608299,0.687477,0.653449,0.613071,0.603864,0.579682,0.474201,0.559286,0.457833,0.521456,0.500037,0.417432,0.441639,0.678318
2.459059,1.446557,1.209674,1.227744,1.267945,1.106194,1.027470,0.956557,1.002648,0.812025,0.776318,0.756542,0.693357,0.659018,0.539497,0.603525,0.499565,0.474077,0.485239,0.462875,0.456814,0.446553,0.421739,0.431012,0.682532
2.470372,1.456163,1.228550,1.229557,1.251876,1.273709,1.037317,0.967769,0.875859,0.816192,0.759690,0.625264,0.683217,0.675178,0.620495,0.603494,0.561515,0.482131,0.488441,0.524213,0.461117,0.509392,0.432431,0.416750,0.605128
2.497686,1.446306,1.370332,1.230653,1.253103,1.097606,1.037786,0.952300,0.877422,0.931706,0.748817,0.727825,0.686225,0.565303,0.549758,0.507382,0.501219,0.475679,0.614442,0.556383,0.443594,0.499295,0.422793,0.476277,0.684048
2.256571,1.447939,1.351301,1.211427,1.250666,1.099758,1.196112,0.954791,0.869651,0.810009,0.862202,0.736547,0.685683,0.654224,0.625273,0.595568,0.508020,0.470888,0.496125,0.470018,0.444536,0.528335,0.492199,0.441167,0.659899
2.477916,1.604430,1.197827,1.229402,1.434770,1.268237,1.039429,0.963766,0.875556,0.815623,0.758928,0.717567,0.688367,0.663555,0.621406,0.594707,0.580659,0.495972,0.491077,0.520379,0.520427,0.507464,0.428492,0.424045,0.614633
2.244263,1.447287,1.348605,1.224785,1.247906,1.274588,1.029608,0.960879,0.892484,0.809483,0.888508,0.730214,0.694161,0.675374,0.535489,0.590964,0.569315,0.553089,0.491434,0.553434,0.540903,0.506805,0.417259,0.437044,0.583555
2.479342,1.452435,1.358136,1.226381,1.266026,1.101051,1.190603,0.969378,0.876203,0.803351,0.656341,0.720566,0.680462,0.673724,0.631457,0.529182,0.569873,0.558778,0.490867,0.528345,0.603841,0.496696,0.433665,0.432775,0.628208
2.469793,1.451706,1.363270,1.238998,1.418019,1.271228,1.024348,0.956376,1.014014,0.934774,0.756387,0.730362,0.677173,0.659194,0.627641,0.518053,0.582484,0.478390,0.548680,0.476536,0.542578,0.499676,0.431917,0.434330,0.637156
2.243908,1.618084,1.216402,1.218184,1.253809,1.285125,1.188483,0.953672,0.898208,0.834909,0.763859,0.720603,0.701427,0.649546,0.631529,0.614030,0.581738,0.502181,0.485587,0.538989,0.461346,0.511787,0.431247,0.436396,0.645146
2.486094,1.459127,1.208622,1.220901,1.251198,1.113681,1.036615,1.098909,0.878175,0.814164,0.757745,0.732856,0.694442,0.671472,0.533768,0.600383,0.494207,0.473237,0.489455,0.531858,0.460943,0.462987,0.428643,0.425001,0.639452
2.706152,1.620747,1.363696,1.219321,1.251475,1.097581,1.180429,0.966925,0.881648,0.811457,0.762994,0.728705,0.693047,0.688983,0.639272,0.525652,0.502791,0.467976,0.545266,0.466240,0.519379,0.505662,0.423352,0.436928,0.632059
2.270531,1.443729,1.365500,1.242265,1.253445,1.295673,1.032437,0.968800,0.880735,0.819256,0.769092,0.735302,0.699003,0.663441,0.619565,0.507045,0.504649,0.475257,0.560267,0.467482,0.453282,0.512795,0.417641,0.416927,0.593502
2.714484,1.448446,1.367625,1.233965,1.419519,1.102448,1.028726,0.965678,0.876520,0.806392,0.753090,0.733870,0.780979,0.672388,0.550389,0.599843,0.502062,0.494120,0.486811,0.599915,0.546540,0.432736,0.421655,0.444071,0.607449
2.709103,1.617933,1.360988,1.226930,1.261270,1.112209,1.188463,0.961020,0.879239,0.959151,0.764237,0.727733,0.673522,0.662749,0.630059,0.601474,0.568650,0.552761,0.482501,0.525390,0.466693,0.434626,0.429779,0.438006,0.613721
2.480665,1.447482,1.355557,1.221061,1.266096,1.103263,1.188102,0.956183,0.882453,0.931932,0.760998,0.708567,0.679514,0.657728,0.530052,0.592369,0.499704,0.571658,0.492052,0.530284,0.459836,0.503361,0.475173,0.474670,0.626796
2.491405,1.631825,1.351791,1.385808,1.254306,1.098645,1.040365,0.955034,0.878855,0.810053,0.896985,0.717416,0.685013,0.570494,0.633152,0.518341,0.599309,0.466757,0.576636,0.481352,0.460668,0.470112,0.437227,0.420511,0.585216
#Run pf with KS
# 1,81.9371,82.3857,82.4577,82.4455,84.095,85.118,83.574,82.4475,82.4538,82.4391,82.4374,84.2651,82.6205,82.4568,82.406,82.4327,82.4405,82.4057,82.4366,82.4277,82.419,82.4387,82.4135,82.4409,82.4315,82.4551,82.4481,82.449,82.4494,82.4484,82.4538
TimeStamp,GraphName,NumVertices,NumEdges,Algorithm
2016-12-12_005027,coPaperDBLP,1080972,15245729,pf_KS
Duration,NumThreads,Algorithm
1
81.937067
82.385667
82.457728
82.445527
84.094990
85.117972
83.574024
82.447473
82.453756
82.439058
82.437442
84.265067
82.620516
82.456817
82.406035
82.432725
82.440466
82.405704
82.436573
82.427737
82.419013
82.438672
82.413490
82.440879
82.431482
82.455059
82.448147
82.449015
82.449432
82.448362
82.453835
#Run pf with Greedy
# 1,14.4814,14.4804,14.4871,14.4871,14.4889,14.4899,14.4853,14.4893,14.4976,14.4893,14.489,14.4918,14.4915,14.4955,14.4942,14.4892,14.4948,14.4919,14.492,14.4914,14.491,14.4894,14.4919,14.4929,14.4938,14.4967,14.4954,14.4985,14.4977,14.508,14.4876
TimeStamp,GraphName,NumVertices,NumEdges,Algorithm
2016-12-12_013310,coPaperDBLP,1080972,15245729,pf_Greedy
Duration,NumThreads,Algorithm
1
14.481395
14.480447
14.487146
14.487125
14.488892
14.489940
14.485292
14.489266
14.497619
14.489319
14.488977
14.491801
14.491494
14.495506
14.494164
14.489179
14.494830
14.491920
14.491998
14.491358
14.491020
14.489434
14.491898
14.492886
14.493823
14.496713
14.495371
14.498510
14.497749
14.507993
14.487561

